<?xml version="1.0" encoding="UTF-8"?>
<!-- Generated by org.testng.reporters.JUnitReportReporter -->
<testsuite skipped="0" hostname="DESKTOP-CP7EG1J" name="Demo.DeleteBook" tests="1" failures="0" timestamp="2020-08-21T01:20:05 IST" time="5.768" errors="0">
  <testcase name="deleteNewBook" time="5.768" classname="Demo.DeleteBook"/>
  <system-out/>
</testsuite> <!-- Demo.DeleteBook -->
