<?xml version="1.0" encoding="UTF-8"?>
<!-- Generated by org.testng.reporters.JUnitReportReporter -->
<testsuite skipped="0" hostname="DESKTOP-CP7EG1J" name="Demo.DeleteBookMultipleDataSets" tests="3" failures="0" timestamp="2020-08-22T15:39:14 IST" time="6.533" errors="0">
  <testcase name="deleteBookMethod" time="5.520" classname="Demo.DeleteBookMultipleDataSets"/>
  <system-out/>
  <testcase name="deleteBookMethod" time="0.587" classname="Demo.DeleteBookMultipleDataSets"/>
  <system-out/>
  <testcase name="deleteBookMethod" time="0.426" classname="Demo.DeleteBookMultipleDataSets"/>
  <system-out/>
</testsuite> <!-- Demo.DeleteBookMultipleDataSets -->
