<?xml version="1.0" encoding="UTF-8"?>
<!-- Generated by org.testng.reporters.JUnitReportReporter -->
<testsuite skipped="0" hostname="DESKTOP-CP7EG1J" name="Demo.AddBook" tests="1" failures="0" timestamp="2020-08-21T01:19:38 IST" time="5.748" errors="0">
  <testcase name="addNewBook" time="5.748" classname="Demo.AddBook"/>
  <system-out/>
</testsuite> <!-- Demo.AddBook -->
