<?xml version="1.0" encoding="UTF-8"?>
<!-- Generated by org.testng.reporters.JUnitReportReporter -->
<testsuite skipped="0" hostname="DESKTOP-CP7EG1J" name="Demo.StaticJsonPayloadExample" tests="1" failures="0" timestamp="2020-08-22T17:50:58 IST" time="5.912" errors="0">
  <testcase name="addBook" time="5.912" classname="Demo.StaticJsonPayloadExample"/>
  <system-out/>
</testsuite> <!-- Demo.StaticJsonPayloadExample -->
