<?xml version="1.0" encoding="UTF-8"?>
<!-- Generated by org.testng.reporters.JUnitReportReporter -->
<testsuite skipped="0" hostname="DESKTOP-CP7EG1J" name="Demo.AddBookMultipleDataSets" tests="3" failures="0" timestamp="2020-08-22T15:38:22 IST" time="7.708" errors="0">
  <testcase name="addBookMethod" time="6.059" classname="Demo.AddBookMultipleDataSets"/>
  <system-out/>
  <testcase name="addBookMethod" time="0.333" classname="Demo.AddBookMultipleDataSets"/>
  <system-out/>
  <testcase name="addBookMethod" time="1.316" classname="Demo.AddBookMultipleDataSets"/>
  <system-out/>
</testsuite> <!-- Demo.AddBookMultipleDataSets -->
